./audio/Conquer_Aging_Or_Die_Trying_Mike_Lustgarten_PhD/2022-07-03_Lithocholic_Acid_-_A_Gut_Bacterial_Metabolite_That_Extends_Lifespan_dd_TXkHsKVI.m4a: object PrerecordedResponse can't be used in 'await' expression
./audio/Conquer_Aging_Or_Die_Trying_Mike_Lustgarten_PhD/2021-07-17_NMN_Improves_Aerobic_Capacity_in_Runners_gi3vWDovF0Y.m4a: object PrerecordedResponse can't be used in 'await' expression
./audio/Conquer_Aging_Or_Die_Trying_Mike_Lustgarten_PhD/2026-02-01_Unraveling_The_Oral_Microbiome_s_Role_In_Alzheimer_s_Disease_wq567q8RbrU.m4a: 
./audio/Conquer_Aging_Or_Die_Trying_Mike_Lustgarten_PhD/2025-05-18_Biomarkers_For_Slowing_Eye_Aging_Featuring_@DoctorEyeHealth_C3TDish-Zqo.m4a: 
./audio/Conquer_Aging_Or_Die_Trying_Mike_Lustgarten_PhD/2024-11-20_Sunlight_Deficiency_As_A_Contributor_To_Poor_Health_-_Roger_Seheult_M.D._@Medcram_UF8UE6cJaWQ.m4a: 
./audio/Conquer_Aging_Or_Die_Trying_Mike_Lustgarten_PhD/2024-04-21_Marathon_Training_VO2_Max_Health_And_Longevity_-_Conquer_Aging_or_Die_Trying_With_Unaging.com_A9VsI4JDawg.m4a: 
./audio/Conquer_Aging_Or_Die_Trying_Mike_Lustgarten_PhD/2025-01-19_Gut_Health_Impacts_The_Thymus_And_Immune_System_During_Aging_-_Niharika_Duggal_PhD_EM6olNJhOTk.m4a: 
./audio/Conquer_Aging_Or_Die_Trying_Mike_Lustgarten_PhD/2025-10-19_How_To_Track_And_Optimize_Biomarkers_-_Blood_Test_6_in_2025_tEaS6_7gnn4.m4a: 
./audio/Conquer_Aging_Or_Die_Trying_Mike_Lustgarten_PhD/2025-01-08_82_Year_Old_Longevity_Biohacker_s_Experience_With_Follistatin_Gene_Therapy_tAJNKHvfg94.m4a: 
./audio/Conquer_Aging_Or_Die_Trying_Mike_Lustgarten_PhD/2022-03-13_The_Association_For_Low_LDL_With_An_Increased_CVD_Mortality_Risk_Is_Impacted_By_Malnutrition_A8R5p_03mEQ.m4a: 
./audio/Conquer_Aging_Or_Die_Trying_Mike_Lustgarten_PhD/2025-05-11_Dave_Pascoe_Presents_His_Blood_Test_Results_41_Biomarkers_b2TLddEcUCY.m4a: 
./audio/Conquer_Aging_Or_Die_Trying_Mike_Lustgarten_PhD/2025-04-11_Philosopher_Challenges_Longevity_Minds_Michael_Lustgarten_Julie_Gibson_Daniel_Lewis_Dave_Pascoe_UvrPfqGPbwc.m4a: 
./audio/Conquer_Aging_Or_Die_Trying_Mike_Lustgarten_PhD/2022-12-08_American_Academy_of_Anti-Aging_Medicine_A4M_Conference_Presentation_MveGH4xNwmU.m4a: 
./audio/Conquer_Aging_Or_Die_Trying_Mike_Lustgarten_PhD/2025-03-02_What_s_The_Best_Way_To_Optimize_NAD_Jin-Xiong_She_PhD_SJfko9ZCW4k.m4a: 
./audio/Conquer_Aging_Or_Die_Trying_Mike_Lustgarten_PhD/2025-07-27_Aging_Well_And_Optimal_Health_-_Role_Of_Nutrition_Featuring_Emily_Ho_PhD_Zm2KgkdiOAA.m4a: 
./audio/Conquer_Aging_Or_Die_Trying_Mike_Lustgarten_PhD/2023-11-12_Conquer_Aging_or_Die_Trying_Podcast_Episode_1_-_Crissman_Loomis_@Unaging.com_qVJCb9koh2A.m4a: 
./audio/Conquer_Aging_Or_Die_Trying_Mike_Lustgarten_PhD/2024-09-11_Conquer_Aging_or_Die_Trying_Podcast_Episode_3_Featuring_@Unaging.Crissman.Loomis_ShmuFeI5yJs.m4a: 
./audio/Conquer_Aging_Or_Die_Trying_Mike_Lustgarten_PhD/2025-02-09_The_Aged_Microbiome_Drives_Inflammation_And_Inflammation_Drives_Microbiome_Dysbiosis_cb27ia-MTF4.m4a: 
./audio/Conquer_Aging_Or_Die_Trying_Mike_Lustgarten_PhD/2023-12-10_15_-_21_Younger_Biological_Age_-_Supplements_Diet_Blood_Test_7_in_2023_1-XyniGEvCs.m4a: 
./audio/Conquer_Aging_Or_Die_Trying_Mike_Lustgarten_PhD/2026-01-04_Diet_Composition_that_Corresponds_To_A_15y_Younger_Biological_Age_Blood_Test_7_In_2025_Analysis_viBhSvL9BEs.m4a: 
./audio/Conquer_Aging_Or_Die_Trying_Mike_Lustgarten_PhD/2025-03-09_Conquer_Aging_Or_Die_Trying_Podcast_Episode_6_-_@Unaging.Crissman.Loomis_OIZos3R9PcE.m4a: 
./audio/Conquer_Aging_Or_Die_Trying_Mike_Lustgarten_PhD/2023-11-26_Oral_Microbiome_Tests_8_and_9_-_Serratia_marcescens_Is_Still_A_Problem_DkOceKds2a8.m4a: 
./audio/Conquer_Aging_Or_Die_Trying_Mike_Lustgarten_PhD/2025-08-10_Immune_Resilience_And_The_15-Year_Survival_Advantage_-_Sunil_Ahuja_M.D._lyDgEFeUP0s.m4a: 
./audio/Conquer_Aging_Or_Die_Trying_Mike_Lustgarten_PhD/2025-12-07_Who_s_Really_Winning_At_Longevity_Featuring_@Unaging.Crissman.Loomis_-MTmYomgmes.m4a: 
./audio/Conquer_Aging_Or_Die_Trying_Mike_Lustgarten_PhD/2025-11-30_If_We_Escape_Age-Related_Disease_Motor_Unit_Loss_Will_Shorten_Lifespan_Feat._@60-Is-The-New-30_qKAjIbAzo5E.m4a: 
./audio/Conquer_Aging_Or_Die_Trying_Mike_Lustgarten_PhD/2024-01-17_How_Much_Dietary_Fiber_Is_Optimal_For_Health_otOuUt6K7Gs.m4a: 
./audio/Conquer_Aging_Or_Die_Trying_Mike_Lustgarten_PhD/2024-12-01_Conquer_Aging_Or_Die_Trying_Podcast_Episode_5_-_Crissman_Loomis_@Unaging.Crissman.Loomis_y-a616nWQfc.m4a: 
./audio/Conquer_Aging_Or_Die_Trying_Mike_Lustgarten_PhD/2025-04-06_Dietary_AGE_Products_Impact_Insulin_Resistance_And_Inflammation_-_Jaime_Uribarri_M.D._wfWhbwkJNUk.m4a: 
./audio/Conquer_Aging_Or_Die_Trying_Mike_Lustgarten_PhD/2025-02-02_Reducing_Immunoglobulin_G_Improves_Metabolic_Health_And_Extends_Lifespan_sFYwoB-EooA.m4a: 
./audio/Conquer_Aging_Or_Die_Trying_Mike_Lustgarten_PhD/2025-01-12_Immunosenescence_Inflammaging_And_Immune_Resilience_-_Matt_Yousefzadeh_PhD_y2849iSUbwA.m4a: 
./audio/Conquer_Aging_Or_Die_Trying_Mike_Lustgarten_PhD/2023-09-10_Calorie_Restriction_Exercise_And_Longevity_-_Luigi_Fontana_MD_PhD_yHFxYjTeMPY.m4a: 
./audio/Conquer_Aging_Or_Die_Trying_Mike_Lustgarten_PhD/2023-08-15_Siim_Land_Podcast_-_Conquer_Aging_or_Die_Trying_Michael_Lustgarten_PhD_kNS-WuIPe_8.m4a: 
./audio/Conquer_Aging_Or_Die_Trying_Mike_Lustgarten_PhD/2024-09-29_Siim_Land_s_Health_Fitness_And_Longevity_Approach_qIloJSMZdAA.m4a: 
./audio/Conquer_Aging_Or_Die_Trying_Mike_Lustgarten_PhD/2024-05-01_What_s_The_Association_For_VO2Max_With_Life_Expectancy_Podcast_Clip_With_Unaging.com_IkxHBUUVhnw.m4a: 
./audio/Conquer_Aging_Or_Die_Trying_Mike_Lustgarten_PhD/2025-04-22_22y_Younger_Biological_Age_-_Supplements_Diet_Blood_Test_2_in_2025_DYwRtwPt49s.m4a: 
./audio/Conquer_Aging_Or_Die_Trying_Mike_Lustgarten_PhD/2023-10-18_Blood_Test_6_in_2023_-_17_-_23y_Younger_Biological_Age_RYqDPi3TzqI.m4a: 
./audio/Conquer_Aging_Or_Die_Trying_Mike_Lustgarten_PhD/2020-07-19_Is_Weight_Loss_Driving_Improvements_For_Resting_Heart_Rate_And_Heart_Rate_Variability_R90__fEsgiA.m4a: 
./audio/Conquer_Aging_Or_Die_Trying_Mike_Lustgarten_PhD/2024-06-23_Consciousness_As_The_Intersection_For_Biology_With_Quantum_Physics_-_Stuart_Hameroff_MD_v4lvqvDv_eE.m4a: 
./audio/Conquer_Aging_Or_Die_Trying_Mike_Lustgarten_PhD/2025-04-10_Which_Biomarkers_Are_Associated_With_Cancer_Cachexia__Xar2yClprY.m4a: 
./audio/Conquer_Aging_Or_Die_Trying_Mike_Lustgarten_PhD/2024-09-01_62-Year_Old_Dave_Pascoe_-_Slowing_Aging_Inside_And_Out_soxPu_TTLPE.m4a: 
./audio/Conquer_Aging_Or_Die_Trying_Mike_Lustgarten_PhD/2021-08-29_Which_Gut_Bacteria_Are_Associated_With_Poor_Health_And_How_Can_We_Limit_Them_uraF-eD4xgY.m4a: 
./audio/Conquer_Aging_Or_Die_Trying_Mike_Lustgarten_PhD/2024-12-22_Longevity_Biohacker_Kenneth_Scott_is_82_-_Rejuvenation_Approach_tS5qKG0smFI.m4a: 
./audio/Conquer_Aging_Or_Die_Trying_Mike_Lustgarten_PhD/2020-05-03_Optimizing_Biological_Age_-_Dr._Michael_Lustgarten_8hs2n7U7J-k.m4a: 
./audio/Conquer_Aging_Or_Die_Trying_Mike_Lustgarten_PhD/2025-06-11_Interview_With_RAADFest_Creator_James_Strole_92J1t8EySyE.m4a: 
./audio/Conquer_Aging_Or_Die_Trying_Mike_Lustgarten_PhD/2024-12-08_Viruses_Contribute_To_Aging_And_Age-Related_Diseases_-_Amy_Proal_PhD_Y1nLjjMd7xQ.m4a: 
./audio/Conquer_Aging_Or_Die_Trying_Mike_Lustgarten_PhD/2025-06-08_Resisting_Age-Related_Blood_Pressure_Changes_-_336_Days_Of_Testing_cvPDf_I1dTM.m4a: 
./audio/Conquer_Aging_Or_Die_Trying_Mike_Lustgarten_PhD/2022-04-17_AGE_Products_Impact_Lifespan_-_Impact_Of_Hyperglycemia_Kidney_Function_And_The_Microbiome_AB77XCCv3Sg.m4a: 
./audio/Conquer_Aging_Or_Die_Trying_Mike_Lustgarten_PhD/2024-01-19_The_Joe_Cohen_Show_-_Biohacking_Longevity_with_Michael_Lustgarten_PhD_UDdO6L9zoSU.m4a: 
./audio/Conquer_Aging_Or_Die_Trying_Mike_Lustgarten_PhD/2024-06-02_A_Higher_Kynurenine_Tryptophan_Ratio_Is_Associated_With_Lower_Muscle_Mass_mhgg3C-esIQ.m4a: 
./audio/Conquer_Aging_Or_Die_Trying_Mike_Lustgarten_PhD/2025-01-24_Calorie_Restriction_Improves_Thymus_Function_Clip_keY--MeJfgY.m4a: 
./audio/Conquer_Aging_Or_Die_Trying_Mike_Lustgarten_PhD/live/2021-12-13_AMA_Live_Stream_1_lZ9_Y97ngak.m4a: 
./audio/Siim_Land/2024-04-28_How_to_Remove_Microplastics_From_Your_Body_-_Dr_Anthony_Jay_PhD_HLWfSmUDl3M.m4a: 
./audio/Siim_Land/2021-10-04_Autophagy_and_NAD+_for_Longevity_-_Dr_Elena_Seranova_wYZ0uRtPBs8.m4a: 
./audio/Siim_Land/2025-12-13_52_Minutes_of_Health_Advice_You_ll_Actually_Use_jyfut3BJIIs.m4a: 
./audio/Siim_Land/2025-02-01_Anti-Aging_MD_-_How_to_Reverse_Skin_Aging_and_Wrinkles_6NhS1ZvN_fw.m4a: 
./audio/Siim_Land/2022-10-07_The_7_Tenets_of_Aging_You_Can_Fix_-_Dr_Sandra_Kaufmann_TqUKinn6P4M.m4a: 
./audio/Siim_Land/2025-08-08_Cancer_Biologist_Reveals_the_Habits_That_Cut_Cancer_Risk_xDrSKPaEn2w.m4a: 
./audio/Siim_Land/2025-05-09_Dr_Eye_Health_Reveals_TOP_Eye_Care_Tips_Every_Person_Needs_RQLIVeP5DJs.m4a: 
./audio/Siim_Land/2022-01-29_SKIN_HEALTH_MELATONIN_AND_SLEEP_-_Red_Light_Therapy_Full_Guide_6ZtLXc2EpjM.m4a: 
./audio/Conquer_Aging_Or_Die_Trying_Mike_Lustgarten_PhD/2025-01-19_Gut_Health_Impacts_The_Thymus_And_Immune_System_During_Aging_-_Niharika_Duggal_PhD_EM6olNJhOTk.m4a: 
./audio/Conquer_Aging_Or_Die_Trying_Mike_Lustgarten_PhD/2024-11-20_Sunlight_Deficiency_As_A_Contributor_To_Poor_Health_-_Roger_Seheult_M.D._@Medcram_UF8UE6cJaWQ.m4a: 
./audio/Conquer_Aging_Or_Die_Trying_Mike_Lustgarten_PhD/2024-04-21_Marathon_Training_VO2_Max_Health_And_Longevity_-_Conquer_Aging_or_Die_Trying_With_Unaging.com_A9VsI4JDawg.m4a: 
./audio/Conquer_Aging_Or_Die_Trying_Mike_Lustgarten_PhD/2026-02-01_Unraveling_The_Oral_Microbiome_s_Role_In_Alzheimer_s_Disease_wq567q8RbrU.m4a: 
./audio/Conquer_Aging_Or_Die_Trying_Mike_Lustgarten_PhD/2025-05-18_Biomarkers_For_Slowing_Eye_Aging_Featuring_@DoctorEyeHealth_C3TDish-Zqo.m4a: 
./audio/Conquer_Aging_Or_Die_Trying_Mike_Lustgarten_PhD/2025-04-11_Philosopher_Challenges_Longevity_Minds_Michael_Lustgarten_Julie_Gibson_Daniel_Lewis_Dave_Pascoe_UvrPfqGPbwc.m4a: 
./audio/Conquer_Aging_Or_Die_Trying_Mike_Lustgarten_PhD/2025-05-11_Dave_Pascoe_Presents_His_Blood_Test_Results_41_Biomarkers_b2TLddEcUCY.m4a: 
./audio/Conquer_Aging_Or_Die_Trying_Mike_Lustgarten_PhD/2022-12-08_American_Academy_of_Anti-Aging_Medicine_A4M_Conference_Presentation_MveGH4xNwmU.m4a: 
./audio/Conquer_Aging_Or_Die_Trying_Mike_Lustgarten_PhD/2025-05-18_Biomarkers_For_Slowing_Eye_Aging_Featuring_@DoctorEyeHealth_C3TDish-Zqo.m4a: 
