./audio/Conquer_Aging_Or_Die_Trying_Mike_Lustgarten_PhD/2025-01-19_Gut_Health_Impacts_The_Thymus_And_Immune_System_During_Aging_-_Niharika_Duggal_PhD_EM6olNJhOTk.m4a | 89.6 MB
./audio/Conquer_Aging_Or_Die_Trying_Mike_Lustgarten_PhD/2025-04-11_Philosopher_Challenges_Longevity_Minds_Michael_Lustgarten_Julie_Gibson_Daniel_Lewis_Dave_Pascoe_UvrPfqGPbwc.m4a | 84.9 MB
./audio/Conquer_Aging_Or_Die_Trying_Mike_Lustgarten_PhD/2025-05-11_Dave_Pascoe_Presents_His_Blood_Test_Results_41_Biomarkers_b2TLddEcUCY.m4a | 127.3 MB
./audio/Conquer_Aging_Or_Die_Trying_Mike_Lustgarten_PhD/2022-12-08_American_Academy_of_Anti-Aging_Medicine_A4M_Conference_Presentation_MveGH4xNwmU.m4a | 107.1 MB
./audio/Conquer_Aging_Or_Die_Trying_Mike_Lustgarten_PhD/2025-03-02_What_s_The_Best_Way_To_Optimize_NAD_Jin-Xiong_She_PhD_SJfko9ZCW4k.m4a | 83.9 MB
./audio/Conquer_Aging_Or_Die_Trying_Mike_Lustgarten_PhD/2025-07-27_Aging_Well_And_Optimal_Health_-_Role_Of_Nutrition_Featuring_Emily_Ho_PhD_Zm2KgkdiOAA.m4a | 91.4 MB
./audio/Conquer_Aging_Or_Die_Trying_Mike_Lustgarten_PhD/2023-11-12_Conquer_Aging_or_Die_Trying_Podcast_Episode_1_-_Crissman_Loomis_@Unaging.com_qVJCb9koh2A.m4a | 75.2 MB
./audio/Conquer_Aging_Or_Die_Trying_Mike_Lustgarten_PhD/2024-09-11_Conquer_Aging_or_Die_Trying_Podcast_Episode_3_Featuring_@Unaging.Crissman.Loomis_ShmuFeI5yJs.m4a | 71.3 MB
./audio/Conquer_Aging_Or_Die_Trying_Mike_Lustgarten_PhD/2025-02-09_The_Aged_Microbiome_Drives_Inflammation_And_Inflammation_Drives_Microbiome_Dysbiosis_cb27ia-MTF4.m4a | 82.5 MB
./audio/Conquer_Aging_Or_Die_Trying_Mike_Lustgarten_PhD/2025-03-09_Conquer_Aging_Or_Die_Trying_Podcast_Episode_6_-_@Unaging.Crissman.Loomis_OIZos3R9PcE.m4a | 79.1 MB
./audio/Conquer_Aging_Or_Die_Trying_Mike_Lustgarten_PhD/2025-08-10_Immune_Resilience_And_The_15-Year_Survival_Advantage_-_Sunil_Ahuja_M.D._lyDgEFeUP0s.m4a | 127.6 MB
./audio/Conquer_Aging_Or_Die_Trying_Mike_Lustgarten_PhD/2025-12-07_Who_s_Really_Winning_At_Longevity_Featuring_@Unaging.Crissman.Loomis_-MTmYomgmes.m4a | 95.6 MB
./audio/Conquer_Aging_Or_Die_Trying_Mike_Lustgarten_PhD/2025-11-30_If_We_Escape_Age-Related_Disease_Motor_Unit_Loss_Will_Shorten_Lifespan_Feat._@60-Is-The-New-30_qKAjIbAzo5E.m4a | 55.1 MB
./audio/Conquer_Aging_Or_Die_Trying_Mike_Lustgarten_PhD/2024-12-01_Conquer_Aging_Or_Die_Trying_Podcast_Episode_5_-_Crissman_Loomis_@Unaging.Crissman.Loomis_y-a616nWQfc.m4a | 88.4 MB
./audio/Conquer_Aging_Or_Die_Trying_Mike_Lustgarten_PhD/2025-04-06_Dietary_AGE_Products_Impact_Insulin_Resistance_And_Inflammation_-_Jaime_Uribarri_M.D._wfWhbwkJNUk.m4a | 55.5 MB
./audio/Conquer_Aging_Or_Die_Trying_Mike_Lustgarten_PhD/2025-02-02_Reducing_Immunoglobulin_G_Improves_Metabolic_Health_And_Extends_Lifespan_sFYwoB-EooA.m4a | 62.3 MB
./audio/Conquer_Aging_Or_Die_Trying_Mike_Lustgarten_PhD/2025-01-12_Immunosenescence_Inflammaging_And_Immune_Resilience_-_Matt_Yousefzadeh_PhD_y2849iSUbwA.m4a | 66.8 MB
./audio/Conquer_Aging_Or_Die_Trying_Mike_Lustgarten_PhD/2023-09-10_Calorie_Restriction_Exercise_And_Longevity_-_Luigi_Fontana_MD_PhD_yHFxYjTeMPY.m4a | 82.7 MB
./audio/Conquer_Aging_Or_Die_Trying_Mike_Lustgarten_PhD/2023-08-15_Siim_Land_Podcast_-_Conquer_Aging_or_Die_Trying_Michael_Lustgarten_PhD_kNS-WuIPe_8.m4a | 81.1 MB
./audio/Conquer_Aging_Or_Die_Trying_Mike_Lustgarten_PhD/2024-09-29_Siim_Land_s_Health_Fitness_And_Longevity_Approach_qIloJSMZdAA.m4a | 102.0 MB
./audio/Conquer_Aging_Or_Die_Trying_Mike_Lustgarten_PhD/2024-09-01_62-Year_Old_Dave_Pascoe_-_Slowing_Aging_Inside_And_Out_soxPu_TTLPE.m4a | 136.7 MB
./audio/Conquer_Aging_Or_Die_Trying_Mike_Lustgarten_PhD/2024-06-23_Consciousness_As_The_Intersection_For_Biology_With_Quantum_Physics_-_Stuart_Hameroff_MD_v4lvqvDv_eE.m4a | 72.7 MB
./audio/Conquer_Aging_Or_Die_Trying_Mike_Lustgarten_PhD/2024-12-22_Longevity_Biohacker_Kenneth_Scott_is_82_-_Rejuvenation_Approach_tS5qKG0smFI.m4a | 111.7 MB
./audio/Conquer_Aging_Or_Die_Trying_Mike_Lustgarten_PhD/2020-05-03_Optimizing_Biological_Age_-_Dr._Michael_Lustgarten_8hs2n7U7J-k.m4a | 105.3 MB
./audio/Conquer_Aging_Or_Die_Trying_Mike_Lustgarten_PhD/2025-06-11_Interview_With_RAADFest_Creator_James_Strole_92J1t8EySyE.m4a | 76.9 MB
./audio/Conquer_Aging_Or_Die_Trying_Mike_Lustgarten_PhD/2024-12-08_Viruses_Contribute_To_Aging_And_Age-Related_Diseases_-_Amy_Proal_PhD_Y1nLjjMd7xQ.m4a | 88.0 MB
./audio/Conquer_Aging_Or_Die_Trying_Mike_Lustgarten_PhD/2024-01-19_The_Joe_Cohen_Show_-_Biohacking_Longevity_with_Michael_Lustgarten_PhD_UDdO6L9zoSU.m4a | 101.6 MB
./audio/Conquer_Aging_Or_Die_Trying_Mike_Lustgarten_PhD/live/2021-12-13_AMA_Live_Stream_1_lZ9_Y97ngak.m4a | 104.0 MB
./audio/Siim_Land/2024-04-28_How_to_Remove_Microplastics_From_Your_Body_-_Dr_Anthony_Jay_PhD_HLWfSmUDl3M.m4a | 59.9 MB
./audio/Siim_Land/2025-02-01_Anti-Aging_MD_-_How_to_Reverse_Skin_Aging_and_Wrinkles_6NhS1ZvN_fw.m4a | 90.4 MB
./audio/Siim_Land/2022-10-07_The_7_Tenets_of_Aging_You_Can_Fix_-_Dr_Sandra_Kaufmann_TqUKinn6P4M.m4a | 65.3 MB
./audio/Siim_Land/2025-08-08_Cancer_Biologist_Reveals_the_Habits_That_Cut_Cancer_Risk_xDrSKPaEn2w.m4a | 56.1 MB
./audio/Siim_Land/2025-05-09_Dr_Eye_Health_Reveals_TOP_Eye_Care_Tips_Every_Person_Needs_RQLIVeP5DJs.m4a | 66.9 MB
./audio/Siim_Land/2025-12-21_Ranking_100_Health_Habits_-_The_Ultimate_Tier_List_MVuVjRS7OpI.m4a | 88.0 MB
./audio/Siim_Land/2023-09-24_The_Dangers_of_NAD_Supplements_and_NAD_in_Aging_-_Nichola_Conlon_PhD_ya1qHAn_xag.m4a | 50.2 MB
./audio/Siim_Land/2025-09-20_I_Ranked_100_Health_Markers_Most_People_Get_These_Wrong_SgKp5mm0ALI.m4a | 95.5 MB
./audio/Siim_Land/2023-09-07_How_Microbes_and_Bacteria_Age_You_Faster_-_Michael_Lustgarten_PhD_EyrXSBrdJBs.m4a | 60.9 MB
./audio/Siim_Land/2024-05-05_This_Is_Why_People_Live_Past_100_Years_-_Siim_Land_on_the_Ideal_Day_Podcast_mldg2_0q6Fc.m4a | 55.8 MB
./audio/Siim_Land/2025-01-24_The_3_Step_Plan_to_Solving_Aging_That_Just_Might_Work_fxPloZI1rBg.m4a | 74.7 MB
./audio/Siim_Land/2025-03-28_Megadosing_Astaxanthin_Fixing_Food_Sensitivities_and_More_-_Q_A_with_Tim_Gray_NBLv3UrNAsw.m4a | 55.8 MB
./audio/Siim_Land/2023-08-20_Glycine_and_Protein_for_Longevity_Genetic_Bottlenecks_and_MTHFR_-_Chris_Masterjohn_PhD_vewlFfiVI50.m4a | 72.7 MB
./audio/Siim_Land/2024-08-24_Longevity_Doctor_Shares_Regeneration_Protocol_-_Peptides_Stem_Cells_Testing_-_Alexis_Ortega_MD_1xpQ5Jjv3Uc.m4a | 79.9 MB
./audio/Siim_Land/2019-03-31_Fasting_to_Become_the_Strongest_Version_of_Yourself_with_Elliott_Hulse_BF5zDFCm31I.m4a | 50.8 MB
./audio/Siim_Land/2024-09-07_The_Surprising_Benefits_of_Nasal_Breathing_Nobody_Tells_You_-_Leigh_Ewin_UWN3aqpEvF4.m4a | 56.8 MB
./audio/Siim_Land/2020-10-29_Nutrients_Needed_for_the_Immune_System_-_Dr_James_DiNicolantonio_hKWVFuATdKw.m4a | 53.9 MB
./audio/Siim_Land/2024-10-17_Leading_Longevity_Scientist_Predicts_Dramatic_Life_Extension_by_2035_-_Aubrey_de_Grey_eYyMatzJFww.m4a | 63.8 MB
./audio/Siim_Land/2020-09-14_Molecular_Hydrogen_Benefits_Oxidative_Stress_and_Autophagy_-_Tyler_LeBaron_UtAIQiQLGVg.m4a | 75.3 MB
./audio/Siim_Land/2025-02-21_How_to_Balance_Your_Nervous_System_for_Optimal_Health_d7Bgn4HdfKw.m4a | 54.5 MB
./audio/Siim_Land/2019-08-02_Circadian_Rhythms_and_Time_Restricted_Eating_with_Andy_Mant_kfFdD-KYVrs.m4a | 56.6 MB
./audio/Siim_Land/2022-10-24_World_s_1_Biohack_for_Longevity_MvVwx2VqRhM.m4a | 66.8 MB
./audio/Siim_Land/2024-09-14_Stem_Cell_Doctor_Shares_the_Truth_About_Stem_Cell_Therapy_for_Anti-Aging_U1GLFSnPvCw.m4a | 62.7 MB
./audio/Siim_Land/2020-05-25_How_Much_Salt_and_Magnesium_with_Dr_James_DiNicolantonio_qPy4TArgRuY.m4a | 58.9 MB
./audio/Siim_Land/2024-03-15_My_Bloodwork_Results_-_Going_for_Slowest_Speed_of_Aging_-_w_Joe_Cohen_REjxGOZMHjk.m4a | 90.7 MB
./audio/Siim_Land/2025-03-07_Physionic_Shares_Longevity_Research_and_His_Top_Supplements_CTbiWCNj4DE.m4a | 62.6 MB
./audio/Siim_Land/2020-07-12_How_to_Replace_Bad_Fats_In_Your_Body_-_Dave_Asprey_aT-dPhAXCbg.m4a | 57.6 MB
./audio/Siim_Land/2024-10-26_How_to_Prevent_Heart_Disease_with_Lifestyle_Changes_-_Dr_Paddy_Barrett_CvOZsuoJ3-s.m4a | 79.8 MB
./audio/Siim_Land/2025-04-11_Julie_Gibson_Clark_On_Staying_Healthy_at_Age_55_CSSYcwh5hRQ.m4a | 55.4 MB
./audio/Siim_Land/2025-06-20_The_Forgotten_Role_of_Creatine_and_Exercise_in_Depression_cFoKdRs4fu4.m4a | 61.2 MB
./audio/Siim_Land/2023-10-22_Best_Intermittent_Fasting_Window_Best_Time_to_Take_Supplements_and_More_-_@gregpotterphd_A--hEGG0FRA.m4a | 86.4 MB
./audio/Siim_Land/2023-08-13_Longevity_Scientist_Shares_Steps_to_Slow_Down_Aging_-_Michael_Lustgarten_PhD_DvQQNr7dDNU.m4a | 82.0 MB
./audio/Siim_Land/2022-01-03_Anti-Aging_Supplements_That_Extend_Healthspan_-_Dr_Brad_Stanfield_ykkGCeSi32E.m4a | 62.3 MB
./audio/Siim_Land/2022-02-22_How_Fasting_Slows_Down_Brain_Aging_-_Mark_Mattson_odWvqxXW1Kk.m4a | 72.9 MB
./audio/Siim_Land/2025-04-04_How_to_Lose_Visceral_Fat_and_Liver_Fat_for_Optimal_Health_1SpPuE9GDNo.m4a | 55.4 MB
./audio/Siim_Land/2022-03-12_Natural_Skin_Care_for_Glowing_Skin_-_Andy_Hnilo_CFQuab0yvac.m4a | 51.1 MB
./audio/Siim_Land/2024-01-20_Nutrition_Scientist_Explains_How_to_Understand_Conflicting_Nutrition_Advice_-_Gil_Carvalho_PhD_ogTV-g8VC8Y.m4a | 65.9 MB
./audio/Siim_Land/2025-12-28_Watch_This_to_Get_Into_Top_1%_Health_in_2026_-_The_Ultimate_Health_Superpodcast_pPYQOgpMfME.m4a | 270.5 MB
./audio/Siim_Land/2020-10-19_Overcome_Fear_During_Stressful_Times-_Peter_Crone_NwhxC2VkCRM.m4a | 60.0 MB
./audio/Siim_Land/2026-01-31_I_m_54_But_My_VO2_Max_is_Over_70._Here_s_How_I_Did_It_-_Dr_Elie_Abirached_wS3Z4_epJAA.m4a | 62.8 MB
./audio/Siim_Land/2017-12-17_Intermittent_Fasting_and_Stress_Adaptation_with_Ori_Hofmekler_Author_of_The_Warrior_Diet_Hx6CiZTQd58.m4a | 52.4 MB
./audio/Siim_Land/2020-02-16_Dangers_of_5G_and_EMF_with_Dr_Joseph_Mercola_0VRpk6DPjmY.m4a | 53.3 MB
./audio/Siim_Land/2026-01-05_My_2026_Longevity_Roadmap_Detailed_Breakdown_Goals_OceysodInIo.m4a | 61.0 MB
./audio/Siim_Land/2025-01-03_Longevity_Doctor_Reveals_How_Genes_Affect_Your_Longevity_gL3WHtEnJIc.m4a | 72.9 MB
./audio/Siim_Land/2025-11-21_The_Truth_About_Saunas_Ice_Baths_Athletic_Recovery_jWEGmImSyzc.m4a | 54.9 MB
./audio/Siim_Land/2024-03-06_How_He_Takes_100_Supplements_a_Day_Longevity_Tests_and_More_-_The_Ultimate_Biohacking_Discussion_1HlS8gTkbu4.m4a | 94.1 MB
./audio/Siim_Land/2024-05-12_I_m_40_But_My_Biological_Age_is_23._Here_s_How_I_Did_It_-_Chris_Mirabile_dPZylzjCBhs.m4a | 64.4 MB
./audio/Siim_Land/2019-08-24_How_to_Overcome_Mental_Barriers_and_Achieve_Your_Potential_with_Peter_Crone_The_Mind_Architect_ACXtMZxS9dk.m4a | 52.7 MB
./audio/Siim_Land/2025-08-29_2.5_Hours_of_Nutrition_for_a_Longer_Life_-_2_PhDs_Explain_What_Works_1vq2rtBd5IQ.m4a | 144.7 MB
./audio/Siim_Land/2019-11-03_Protein_to_Energy_Diet_for_Fat_Loss_with_Dr_Ted_Naiman_A4ikTXNWX50.m4a | 61.4 MB
./audio/Siim_Land/2018-10-10_Snake_Diet_Fasting_Masterclass_with_Cole_Robinson_XvHrEF7NSB4.m4a | 81.5 MB
./audio/Siim_Land/2022-10-17_1_Aging_Pathway_No_One_Talks_About_Not_Protein_-_Joel_Greene_-7C-Dvaeoaw.m4a | 63.4 MB
./audio/Siim_Land/2024-09-28_Get_the_Omega_3_Fats_You_Need_for_Optimal_Health_sFRkJqm-fK8.m4a | 60.5 MB
./audio/Siim_Land/2024-02-20_Scientist_Reveals_the_Key_Factor_to_Longevity_-_Dr_Edward_Calabrese_v9xgMPNizTQ.m4a | 93.6 MB
./audio/Siim_Land/2021-08-23_5_Longevity_Breakthroughs_-_Dr_Melissa_Petersen_4TF5My0X8z4.m4a | 53.6 MB
./audio/Siim_Land/2025-01-11_Hormone_Doc_Amy_Killen_Reveals_the_TRUTH_About_TRT_and_HRT_Safety_t7afAdI88U4.m4a | 50.8 MB
./audio/Siim_Land/2019-07-11_Benefits_of_Carb_Cycling_and_Intermittent_Fasting_with_Matt_Gallant_khWzARzoUj8.m4a | 62.5 MB
./audio/Siim_Land/2024-11-15_Longevity_Scientist_Shares_What_Affects_Biological_Age_0j8TItElqmU.m4a | 61.0 MB
./audio/Siim_Land/2023-08-05_How_to_Sleep_Better_and_Fix_Bad_Sleep_-_@gregpotterphd_5RrhbinV8is.m4a | 92.6 MB
./audio/Siim_Land/2020-08-05_Stoicism_and_the_Art_of_Happiness_with_Donald_Robertson_2Bw87es5Y_o.m4a | 74.7 MB
./audio/Siim_Land/2025-04-17_Longevity_Scientist_Answers_Your_Questions_About_Rapamycin_-_Q_A_LXbD_RaV2co.m4a | 66.0 MB
./audio/Siim_Land/2025-03-21_Longevity_Supplements_Ranked_by_Doctor_Sandra_Kaufmann_hk7l-PCD4dU.m4a | 57.9 MB
./audio/Siim_Land/2024-08-11_Longevity_Scientist_Breaks_Down_What_Causes_Aging_of_Cells_-_Matt_Kaeberlein_PhD_uTpUJpt9LfQ.m4a | 55.8 MB
./audio/Siim_Land/2025-04-24_Optimize_Health_in_a_Modern_Toxic_World_-_Kayla_Barnes-Lentz_BbHUa9Z-WX4.m4a | 62.1 MB
./audio/Siim_Land/2025-05-16_The_Molecule_for_Better_Blood_Flow_and_Longevity_LP1kXo_uu4M.m4a | 54.9 MB
./audio/Siim_Land/2025-10-31_Scientist_Explains_the_Longevity_Genes_That_Help_You_Live_Longer_FfaGCFZ3tu0.m4a | 56.2 MB
./audio/Siim_Land/2025-08-16_100_Supplements_Ranked_Worst_to_Best_Ultimate_Supplement_Tier_List_2025_W8DZbYyuDmA.m4a | 52.5 MB
./audio/Siim_Land/2023-10-30_How_Poor_Oral_Health_Promotes_Systemic_Bad_Health_-_Dr_Dominik_Nischwitz_UwiNk7CMnMc.m4a | 61.1 MB
./audio/Siim_Land/2025-05-30_The_Optimal_Plan_to_Build_Muscle_Lose_Fat_-_Menno_Henselmans_g25iects9VM.m4a | 55.7 MB
./audio/Siim_Land/2024-12-13_The_Second_Most_Important_Muscle_In_Your_Body_and_How_to_Train_It_aC0O_VIi0l0.m4a | 70.4 MB
./audio/Siim_Land/2025-03-14_Longevity_Scientist_Reveals_BEST_Bloodwork_for_LONGEVITY_KrV3q9kbk34.m4a | 59.4 MB
./audio/Siim_Land/2023-04-27_Reversing_Biological_Aging_and_Extending_Lifespan_-_Matt_Kaeberlein_PhD_Ex0q-FHqzdc.m4a | 73.6 MB
./audio/Siim_Land/2021-09-22_My_DNA_Test_Analysis_on_Self_Decode_2.0_4L0XO9rhIeo.m4a | 63.9 MB
./audio/Siim_Land/2022-08-02_New_Longevity_Research_About_NMN_and_SIRT6_-_Alan_Graves_vskg4Lapfds.m4a | 51.2 MB
./audio/Siim_Land/2024-06-27_Boost_Your_VO2_Max_for_a_LONGER_LIFE_-_Brady_Holmer_Msc_xLDaFhN6h8I.m4a | 67.0 MB
./audio/Siim_Land/2024-06-23_Dave_Pascoe_Shares_His_Longevity_Routine_for_Staying_Fit_In_His_60s_K5KmAxnWX5o.m4a | 59.4 MB
./audio/Siim_Land/2024-11-29_BOOST_Your_Testosterone_NATURALLY_with_These_Proven_Methods_xLqq14G8voc.m4a | 59.3 MB
./audio/Siim_Land/2025-07-25_The_Real_Science_of_Detox_with_a_Precision_Medicine_Doctor_nseEP7VZkBA.m4a | 87.6 MB
./audio/Siim_Land/2024-09-21_Dave_Pascoe_and_Julie_Gibson_Clark_s_Surprising_Longevity_Tips_THXBj0edVZE.m4a | 103.4 MB
./audio/Siim_Land/2025-02-09_How_Stress_Resistance_Makes_You_Live_Longer_-_Dr_Olli_Sovijarvi_kQtPfYb-O40.m4a | 81.9 MB
./audio/Siim_Land/2025-02-15_Supplements_That_Can_WRECK_Your_Health_Because_of_Genetics_9GLbTEYewUs.m4a | 65.6 MB
./audio/Siim_Land/2025-01-18_Is_Methylene_Blue_the_Magic_Bullet_for_Health_-_Dr_Scott_Sherr_HhfHzlyRIBE.m4a | 55.1 MB
./audio/Siim_Land/2025-08-23_I_Analyzed_Bryan_Johnson_s_Biomarkers_and_The_Results_Are..._M1U2hj5sCM8.m4a | 58.6 MB
./audio/Siim_Land/2025-09-26_Scientist_Reveals_the_Hidden_Programming_of_Death_Q28MUqX2c8s.m4a | 74.5 MB
./audio/Siim_Land/2019-05-13_Chris_Masterjohn_on_Fixing_Nutrient_Deficiencies_and_Structuring_a_More_Robust_Diet_hgvxx4YGDzY.m4a | 64.2 MB
./audio/Siim_Land/2025-11-08_Scientist_Explains_-_This_One_Thing_Controls_How_Long_You_Live_gRD4lSggYOU.m4a | 55.1 MB
./audio/Siim_Land/2019-03-12_Circadian_Biology_Keto_Fasting_and_Calorie_Cycling_with_Mike_Mutzel_lliL8eXYMAc.m4a | 57.1 MB
./audio/Siim_Land/2020-07-25_Dr_Dominic_D_Agostino_on_Ketosis_Fasting_and_Oxygen_Toxicity_277gxM8R790.m4a | 53.7 MB
./audio/Siim_Land/2023-10-11_The_Power_of_Melatonin_for_Anti-Aging_and_Longevity_-_Deanna_Minich_PhD_kyb-NBk6rBg.m4a | 70.2 MB
./audio/Siim_Land/2026-01-18_Inside_the_Most_Comprehensive_Health_Testing_We_ve_Done_Xp91YTrIC4o.m4a | 53.0 MB
./audio/Siim_Land/2026-01-24_The_Science_of_Dog_Aging_And_How_to_Slow_It_Down_FkgRNLICtlM.m4a | 59.8 MB
./audio/Siim_Land/2025-10-04_The_Surprising_Reason_Life_Feels_Like_It_s_Speeding_Up_PgtJJFd59U0.m4a | 58.1 MB
./audio/Siim_Land/2025-08-01_What_s_the_Best_Way_to_Exercise_for_Health_and_Longevity_-_2.5_hour_Roundtable_with_2_PhDs_8eW5gNiSxUU.m4a | 145.3 MB
./audio/Siim_Land/2025-12-05_The_Mineral_Scientists_Believe_Could_Lower_Alzheimer_s_Risk_WiJVl3UyIv0.m4a | 57.4 MB
./audio/Siim_Land/2021-05-04_What_to_Eat_Before_Carbs_and_Why_High_Protein_All_the_Time_Is_Bad_-_Joel_Greene_kN_qBdZSIiI.m4a | 61.1 MB
./audio/Siim_Land/2019-04-25_How_Much_Autophagy_Is_Good_-_KetoFast_with_Dr_Joseph_Mercola_R1R3qZdlOgY.m4a | 54.4 MB
./audio/Siim_Land/2024-10-13_How_to_Prevent_Cancer_ft._Dr._Joe_Zundell_eR5zYQWGTuo.m4a | 80.0 MB
./audio/Siim_Land/2025-07-12_Which_Longevity_Supplements_Work_and_Which_Ones_Are_Hype_by_PhD_Experts_OBPacg_tVuQ.m4a | 147.8 MB
./audio/Siim_Land/2025-11-29_The_Anti-Aging_Pill_Chinese_Scientists_Are_Developing_-_Aiming_for_120+_Lifespans_XhC-2ZKITkI.m4a | 55.5 MB
./audio/Siim_Land/2021-03-24_Human_Immortality_Aging_and_Life_Extension_Dr_Jose_Luis_Cordeiro_X4zP4a7Kb14.m4a | 60.7 MB
./audio/Siim_Land/2018-11-01_Menno_Henselmans_Body_Recomposition_Secrets_for_Lean_Muscle_Growth_Ij58AX9JCio.m4a | 53.4 MB
./audio/Siim_Land/2022-08-16_Slow_Down_Aging_with_Diet_-_Dr_Kara_Fitzgerald_79-AkSfsqys.m4a | 57.1 MB
./audio/Siim_Land/2024-06-14_Stem_Cells_Telomeres_Hyperbaric_Oxygen_Therapy_-_Joseph_Dituri_PhD_QSPAZQAO8Zo.m4a | 59.5 MB
./audio/Siim_Land/2024-02-10_How_Much_Protein_Per_Meal_25_vs_100_Grams_of_Protein_and_More_-_Jorn_Trommelen_PhD_1ycOrttPoiY.m4a | 58.1 MB
./audio/Siim_Land/2019-03-24_Optimal_Protein_Intake_for_Longevity_and_The_Longevity_Solution_with_Dr_James_DiNicolantonio_4JGQNnumZHU.m4a | 54.9 MB
./audio/Siim_Land/2024-04-07_Longevity_Scientist_Shares_His_Diet_for_Slowing_Down_Biological_Aging_-_Michael_Lustgarten_PhD_TC6SIm6Wzn8.m4a | 76.8 MB
./audio/Conquer_Aging_Or_Die_Trying_Mike_Lustgarten_PhD/2025-01-19_Gut_Health_Impacts_The_Thymus_And_Immune_System_During_Aging_-_Niharika_Duggal_PhD_EM6olNJhOTk.m4a | 89.6 MB
./audio/Conquer_Aging_Or_Die_Trying_Mike_Lustgarten_PhD/2025-04-11_Philosopher_Challenges_Longevity_Minds_Michael_Lustgarten_Julie_Gibson_Daniel_Lewis_Dave_Pascoe_UvrPfqGPbwc.m4a | 84.9 MB
./audio/Conquer_Aging_Or_Die_Trying_Mike_Lustgarten_PhD/2025-05-11_Dave_Pascoe_Presents_His_Blood_Test_Results_41_Biomarkers_b2TLddEcUCY.m4a | 127.3 MB
./audio/Conquer_Aging_Or_Die_Trying_Mike_Lustgarten_PhD/2022-12-08_American_Academy_of_Anti-Aging_Medicine_A4M_Conference_Presentation_MveGH4xNwmU.m4a | 107.1 MB
./audio/Conquer_Aging_Or_Die_Trying_Mike_Lustgarten_PhD/2025-03-02_What_s_The_Best_Way_To_Optimize_NAD_Jin-Xiong_She_PhD_SJfko9ZCW4k.m4a | 83.9 MB
./audio/Conquer_Aging_Or_Die_Trying_Mike_Lustgarten_PhD/2025-07-27_Aging_Well_And_Optimal_Health_-_Role_Of_Nutrition_Featuring_Emily_Ho_PhD_Zm2KgkdiOAA.m4a | 91.4 MB
./audio/Conquer_Aging_Or_Die_Trying_Mike_Lustgarten_PhD/2025-02-09_The_Aged_Microbiome_Drives_Inflammation_And_Inflammation_Drives_Microbiome_Dysbiosis_cb27ia-MTF4.m4a | 82.5 MB
./audio/Conquer_Aging_Or_Die_Trying_Mike_Lustgarten_PhD/2025-08-10_Immune_Resilience_And_The_15-Year_Survival_Advantage_-_Sunil_Ahuja_M.D._lyDgEFeUP0s.m4a | 127.6 MB
./audio/Conquer_Aging_Or_Die_Trying_Mike_Lustgarten_PhD/2025-12-07_Who_s_Really_Winning_At_Longevity_Featuring_@Unaging.Crissman.Loomis_-MTmYomgmes.m4a | 95.6 MB
./audio/Conquer_Aging_Or_Die_Trying_Mike_Lustgarten_PhD/2024-12-01_Conquer_Aging_Or_Die_Trying_Podcast_Episode_5_-_Crissman_Loomis_@Unaging.Crissman.Loomis_y-a616nWQfc.m4a | 88.4 MB
./audio/Conquer_Aging_Or_Die_Trying_Mike_Lustgarten_PhD/2023-09-10_Calorie_Restriction_Exercise_And_Longevity_-_Luigi_Fontana_MD_PhD_yHFxYjTeMPY.m4a | 82.7 MB
./audio/Conquer_Aging_Or_Die_Trying_Mike_Lustgarten_PhD/2023-08-15_Siim_Land_Podcast_-_Conquer_Aging_or_Die_Trying_Michael_Lustgarten_PhD_kNS-WuIPe_8.m4a | 81.1 MB
./audio/Conquer_Aging_Or_Die_Trying_Mike_Lustgarten_PhD/2024-09-29_Siim_Land_s_Health_Fitness_And_Longevity_Approach_qIloJSMZdAA.m4a | 102.0 MB
./audio/Conquer_Aging_Or_Die_Trying_Mike_Lustgarten_PhD/2024-09-01_62-Year_Old_Dave_Pascoe_-_Slowing_Aging_Inside_And_Out_soxPu_TTLPE.m4a | 136.7 MB
./audio/Conquer_Aging_Or_Die_Trying_Mike_Lustgarten_PhD/2024-12-22_Longevity_Biohacker_Kenneth_Scott_is_82_-_Rejuvenation_Approach_tS5qKG0smFI.m4a | 111.7 MB
./audio/Conquer_Aging_Or_Die_Trying_Mike_Lustgarten_PhD/2020-05-03_Optimizing_Biological_Age_-_Dr._Michael_Lustgarten_8hs2n7U7J-k.m4a | 105.3 MB
./audio/Conquer_Aging_Or_Die_Trying_Mike_Lustgarten_PhD/2024-12-08_Viruses_Contribute_To_Aging_And_Age-Related_Diseases_-_Amy_Proal_PhD_Y1nLjjMd7xQ.m4a | 88.0 MB
./audio/Conquer_Aging_Or_Die_Trying_Mike_Lustgarten_PhD/2024-01-19_The_Joe_Cohen_Show_-_Biohacking_Longevity_with_Michael_Lustgarten_PhD_UDdO6L9zoSU.m4a | 101.6 MB
./audio/Conquer_Aging_Or_Die_Trying_Mike_Lustgarten_PhD/live/2021-12-13_AMA_Live_Stream_1_lZ9_Y97ngak.m4a | 104.0 MB
./audio/Siim_Land/2025-02-01_Anti-Aging_MD_-_How_to_Reverse_Skin_Aging_and_Wrinkles_6NhS1ZvN_fw.m4a | 90.4 MB
./audio/Siim_Land/2025-12-21_Ranking_100_Health_Habits_-_The_Ultimate_Tier_List_MVuVjRS7OpI.m4a | 88.0 MB
./audio/Siim_Land/2025-09-20_I_Ranked_100_Health_Markers_Most_People_Get_These_Wrong_SgKp5mm0ALI.m4a | 95.5 MB
./audio/Siim_Land/2024-03-15_My_Bloodwork_Results_-_Going_for_Slowest_Speed_of_Aging_-_w_Joe_Cohen_REjxGOZMHjk.m4a | 90.7 MB
./audio/Siim_Land/2023-10-22_Best_Intermittent_Fasting_Window_Best_Time_to_Take_Supplements_and_More_-_@gregpotterphd_A--hEGG0FRA.m4a | 86.4 MB
./audio/Siim_Land/2023-08-13_Longevity_Scientist_Shares_Steps_to_Slow_Down_Aging_-_Michael_Lustgarten_PhD_DvQQNr7dDNU.m4a | 82.0 MB
./audio/Siim_Land/2025-12-28_Watch_This_to_Get_Into_Top_1%_Health_in_2026_-_The_Ultimate_Health_Superpodcast_pPYQOgpMfME.m4a | 270.5 MB
./audio/Siim_Land/2024-03-06_How_He_Takes_100_Supplements_a_Day_Longevity_Tests_and_More_-_The_Ultimate_Biohacking_Discussion_1HlS8gTkbu4.m4a | 94.1 MB
./audio/Siim_Land/2025-08-29_2.5_Hours_of_Nutrition_for_a_Longer_Life_-_2_PhDs_Explain_What_Works_1vq2rtBd5IQ.m4a | 144.7 MB
./audio/Siim_Land/2018-10-10_Snake_Diet_Fasting_Masterclass_with_Cole_Robinson_XvHrEF7NSB4.m4a | 81.5 MB
./audio/Siim_Land/2024-02-20_Scientist_Reveals_the_Key_Factor_to_Longevity_-_Dr_Edward_Calabrese_v9xgMPNizTQ.m4a | 93.6 MB
./audio/Siim_Land/2023-08-05_How_to_Sleep_Better_and_Fix_Bad_Sleep_-_@gregpotterphd_5RrhbinV8is.m4a | 92.6 MB
./audio/Siim_Land/2025-07-25_The_Real_Science_of_Detox_with_a_Precision_Medicine_Doctor_nseEP7VZkBA.m4a | 87.6 MB
./audio/Siim_Land/2024-09-21_Dave_Pascoe_and_Julie_Gibson_Clark_s_Surprising_Longevity_Tips_THXBj0edVZE.m4a | 103.4 MB
./audio/Siim_Land/2025-02-09_How_Stress_Resistance_Makes_You_Live_Longer_-_Dr_Olli_Sovijarvi_kQtPfYb-O40.m4a | 81.9 MB
./audio/Siim_Land/2025-08-01_What_s_the_Best_Way_to_Exercise_for_Health_and_Longevity_-_2.5_hour_Roundtable_with_2_PhDs_8eW5gNiSxUU.m4a | 145.3 MB
./audio/Siim_Land/2025-07-12_Which_Longevity_Supplements_Work_and_Which_Ones_Are_Hype_by_PhD_Experts_OBPacg_tVuQ.m4a | 147.8 MB
